2024-03-29 15:17:11,809 31np00158 my-axon-project-dev.jar[32176] INFO  [io.quarkus] (Quarkus Main Thread) my-axon-project 1.0-SNAPSHOT on JVM (powered by Quarkus 3.7.3) started in 1.755s. Listening on: http://localhost:8080
2024-03-29 15:17:11,810 31np00158 my-axon-project-dev.jar[32176] INFO  [io.quarkus] (Quarkus Main Thread) Profile dev activated. Live Coding activated.
2024-03-29 15:17:11,811 31np00158 my-axon-project-dev.jar[32176] INFO  [io.quarkus] (Quarkus Main Thread) Installed features: [cdi, resteasy, resteasy-jackson, smallrye-context-propagation, smallrye-openapi, swagger-ui, vertx]
2024-03-29 15:17:18,537 31np00158 my-axon-project-dev.jar[32176] INFO  [io.axo.con.fra.cli.RSocketHandlerRegistrar] (executor-thread-1) Registered AxonIQ Console handler for route client-heartbeat
2024-03-29 15:17:18,537 31np00158 my-axon-project-dev.jar[32176] INFO  [io.axo.con.fra.cli.RSocketHandlerRegistrar] (executor-thread-1) Registered AxonIQ Console handler for route client-settings
2024-03-29 15:17:18,622 31np00158 my-axon-project-dev.jar[32176] INFO  [org.axo.ser.ChainingConverter] (executor-thread-1) ContentTypeConverter of type [class org.axonframework.serialization.xml.Dom4JToByteArrayConverter] is ignored. It seems to rely on a class that is not available in the class loader: org/dom4j/Document
2024-03-29 15:17:18,623 31np00158 my-axon-project-dev.jar[32176] INFO  [org.axo.ser.ChainingConverter] (executor-thread-1) ContentTypeConverter of type [class org.axonframework.serialization.xml.InputStreamToDom4jConverter] is ignored. It seems to rely on a class that is not available in the class loader: org/dom4j/Document
2024-03-29 15:17:18,623 31np00158 my-axon-project-dev.jar[32176] INFO  [org.axo.ser.ChainingConverter] (executor-thread-1) ContentTypeConverter of type [class org.axonframework.serialization.xml.XomToStringConverter] is ignored. It seems to rely on a class that is not available in the class loader: nu/xom/Document
2024-03-29 15:17:18,624 31np00158 my-axon-project-dev.jar[32176] INFO  [org.axo.ser.ChainingConverter] (executor-thread-1) ContentTypeConverter of type [class org.axonframework.serialization.xml.InputStreamToXomConverter] is ignored. It seems to rely on a class that is not available in the class loader: nu/xom/ParsingException
2024-03-29 15:17:18,637 31np00158 my-axon-project-dev.jar[32176] INFO  [io.axo.con.fra.cli.RSocketHandlerRegistrar] (executor-thread-1) Registered AxonIQ Console handler for route processor-command-start
2024-03-29 15:17:18,637 31np00158 my-axon-project-dev.jar[32176] INFO  [io.axo.con.fra.cli.AxoniqConsoleRSocketClient] (pool-8-thread-1) Connecting to AxonIQ Console...
2024-03-29 15:17:18,637 31np00158 my-axon-project-dev.jar[32176] INFO  [io.axo.con.fra.cli.RSocketHandlerRegistrar] (executor-thread-1) Registered AxonIQ Console handler for route processor-command-stop
2024-03-29 15:17:18,638 31np00158 my-axon-project-dev.jar[32176] INFO  [io.axo.con.fra.cli.RSocketHandlerRegistrar] (executor-thread-1) Registered AxonIQ Console handler for route event-processor-status
2024-03-29 15:17:18,638 31np00158 my-axon-project-dev.jar[32176] INFO  [io.axo.con.fra.cli.RSocketHandlerRegistrar] (executor-thread-1) Registered AxonIQ Console handler for route event-processor-segments
2024-03-29 15:17:18,639 31np00158 my-axon-project-dev.jar[32176] INFO  [io.axo.con.fra.cli.RSocketHandlerRegistrar] (executor-thread-1) Registered AxonIQ Console handler for route processor-command-release-segment
2024-03-29 15:17:18,639 31np00158 my-axon-project-dev.jar[32176] INFO  [io.axo.con.fra.cli.RSocketHandlerRegistrar] (executor-thread-1) Registered AxonIQ Console handler for route processor-command-split-segment
2024-03-29 15:17:18,639 31np00158 my-axon-project-dev.jar[32176] INFO  [io.axo.con.fra.cli.RSocketHandlerRegistrar] (executor-thread-1) Registered AxonIQ Console handler for route processor-command-merge-segment
2024-03-29 15:17:18,640 31np00158 my-axon-project-dev.jar[32176] INFO  [io.axo.con.fra.cli.RSocketHandlerRegistrar] (executor-thread-1) Registered AxonIQ Console handler for route processor-command-reset
2024-03-29 15:17:18,640 31np00158 my-axon-project-dev.jar[32176] INFO  [io.axo.con.fra.cli.RSocketHandlerRegistrar] (executor-thread-1) Registered AxonIQ Console handler for route event-processor-claim
2024-03-29 15:17:18,641 31np00158 my-axon-project-dev.jar[32176] INFO  [io.axo.con.fra.cli.RSocketHandlerRegistrar] (executor-thread-1) Registered AxonIQ Console handler for route dlq-query-dead-letters
2024-03-29 15:17:18,641 31np00158 my-axon-project-dev.jar[32176] INFO  [io.axo.con.fra.cli.RSocketHandlerRegistrar] (executor-thread-1) Registered AxonIQ Console handler for route dlq-query-dead-letter-sequence-size
2024-03-29 15:17:18,642 31np00158 my-axon-project-dev.jar[32176] INFO  [io.axo.con.fra.cli.RSocketHandlerRegistrar] (executor-thread-1) Registered AxonIQ Console handler for route dlq-command-delete-sequence
2024-03-29 15:17:18,642 31np00158 my-axon-project-dev.jar[32176] INFO  [io.axo.con.fra.cli.RSocketHandlerRegistrar] (executor-thread-1) Registered AxonIQ Console handler for route dlq-command-delete-letter
2024-03-29 15:17:18,643 31np00158 my-axon-project-dev.jar[32176] INFO  [io.axo.con.fra.cli.RSocketHandlerRegistrar] (executor-thread-1) Registered AxonIQ Console handler for route dlq-command-process
2024-03-29 15:17:18,822 31np00158 my-axon-project-dev.jar[32176] INFO  [io.axo.axo.con.imp.AxonServerManagedChannel] (pool-8-thread-1) Requesting connection details from localhost:8124
2024-03-29 15:17:18,939 31np00158 my-axon-project-dev.jar[32176] INFO  [io.axo.axo.con.imp.AxonServerManagedChannel] (pool-8-thread-1) Successfully connected to localhost:8124
2024-03-29 15:17:18,944 31np00158 my-axon-project-dev.jar[32176] INFO  [io.axo.axo.con.imp.ControlChannelImpl] (pool-8-thread-1) Connected instruction stream for context 'default'. Sending client identification
2024-03-29 15:17:18,960 31np00158 my-axon-project-dev.jar[32176] INFO  [io.axo.axo.con.com.imp.CommandChannelImpl] (executor-thread-1) CommandChannel for context 'default' connected, 0 command handlers registered
2024-03-29 15:17:18,965 31np00158 my-axon-project-dev.jar[32176] INFO  [io.axo.axo.con.com.imp.CommandChannelImpl] (executor-thread-1) Registered handler for command 'at.axon.command.CreateAggregateCommand' in context 'default'
2024-03-29 15:17:19,174 31np00158 my-axon-project-dev.jar[32176] WARN  [io.net.res.dns.DefaultDnsServerAddressStreamProvider] (pool-8-thread-1) Default DNS servers: [/[2001:4860:4860:0:0:0:0:8888]:53, /[2001:4860:4860:0:0:0:0:8844]:53] (Google Public DNS as a fallback)
2024-03-29 15:17:19,224 31np00158 my-axon-project-dev.jar[32176] INFO  [io.axo.con.fra.cli.AxoniqConsoleRSocketClient] (pool-8-thread-1) Failed to connect to AxonIQ Console: reactor.core.Exceptions$ReactiveException: java.net.UnknownHostException: Failed to resolve 'framework.console.axoniq.io' [A(1), AAAA(28)] after 4 queries 
	at reactor.core.Exceptions.propagate(Exceptions.java:396)
	at reactor.core.publisher.BlockingSingleSubscriber.blockingGet(BlockingSingleSubscriber.java:97)
	at reactor.core.publisher.Mono.block(Mono.java:1707)
	at io.axoniq.console.framework.client.AxoniqConsoleRSocketClient.createRSocket(AxoniqConsoleRSocketClient.kt:172)
	at io.axoniq.console.framework.client.AxoniqConsoleRSocketClient.connectSafely(AxoniqConsoleRSocketClient.kt:138)
	at io.axoniq.console.framework.client.AxoniqConsoleRSocketClient.ensureConnected(AxoniqConsoleRSocketClient.kt:132)
	at java.base/java.util.concurrent.Executors$RunnableAdapter.call(Executors.java:572)
	at java.base/java.util.concurrent.FutureTask.runAndReset(FutureTask.java:358)
	at java.base/java.util.concurrent.ScheduledThreadPoolExecutor$ScheduledFutureTask.run(ScheduledThreadPoolExecutor.java:305)
	at java.base/java.util.concurrent.ThreadPoolExecutor.runWorker(ThreadPoolExecutor.java:1144)
	at java.base/java.util.concurrent.ThreadPoolExecutor$Worker.run(ThreadPoolExecutor.java:642)
	at java.base/java.lang.Thread.run(Thread.java:1583)
	Suppressed: java.lang.Exception: #block terminated with an error
		at reactor.core.publisher.BlockingSingleSubscriber.blockingGet(BlockingSingleSubscriber.java:99)
		... 10 more
Caused by: java.net.UnknownHostException: Failed to resolve 'framework.console.axoniq.io' [A(1), AAAA(28)] after 4 queries 
	at io.netty.resolver.dns.DnsResolveContext.finishResolve(DnsResolveContext.java:1120)
	at io.netty.resolver.dns.DnsResolveContext.tryToFinishResolve(DnsResolveContext.java:1067)
	at io.netty.resolver.dns.DnsResolveContext.query(DnsResolveContext.java:440)
	at io.netty.resolver.dns.DnsResolveContext.access$700(DnsResolveContext.java:68)
	at io.netty.resolver.dns.DnsResolveContext$2.operationComplete(DnsResolveContext.java:508)
	at io.netty.util.concurrent.DefaultPromise.notifyListener0(DefaultPromise.java:590)
	at io.netty.util.concurrent.DefaultPromise.notifyListeners0(DefaultPromise.java:583)
	at io.netty.util.concurrent.DefaultPromise.notifyListenersNow(DefaultPromise.java:559)
	at io.netty.util.concurrent.DefaultPromise.notifyListeners(DefaultPromise.java:492)
	at io.netty.util.concurrent.DefaultPromise.setValue0(DefaultPromise.java:636)
	at io.netty.util.concurrent.DefaultPromise.setFailure0(DefaultPromise.java:629)
	at io.netty.util.concurrent.DefaultPromise.tryFailure(DefaultPromise.java:118)
	at io.netty.resolver.dns.DnsQueryContext.finishFailure(DnsQueryContext.java:380)
	at io.netty.resolver.dns.DnsQueryContext.onQueryWriteCompletion(DnsQueryContext.java:301)
	at io.netty.resolver.dns.DnsQueryContext.access$800(DnsQueryContext.java:52)
	at io.netty.resolver.dns.DnsQueryContext$4.operationComplete(DnsQueryContext.java:292)
	at io.netty.resolver.dns.DnsQueryContext$4.operationComplete(DnsQueryContext.java:289)
	at io.netty.util.concurrent.DefaultPromise.notifyListener0(DefaultPromise.java:590)
	at io.netty.util.concurrent.DefaultPromise.notifyListenersNow(DefaultPromise.java:557)
	at io.netty.util.concurrent.DefaultPromise.notifyListeners(DefaultPromise.java:492)
	at io.netty.util.concurrent.DefaultPromise.setValue0(DefaultPromise.java:636)
	at io.netty.util.concurrent.DefaultPromise.setFailure0(DefaultPromise.java:629)
	at io.netty.util.concurrent.DefaultPromise.tryFailure(DefaultPromise.java:118)
	at io.netty.util.internal.PromiseNotificationUtil.tryFailure(PromiseNotificationUtil.java:64)
	at io.netty.channel.ChannelOutboundBuffer.safeFail(ChannelOutboundBuffer.java:744)
	at io.netty.channel.ChannelOutboundBuffer.remove0(ChannelOutboundBuffer.java:329)
	at io.netty.channel.ChannelOutboundBuffer.remove(ChannelOutboundBuffer.java:309)
	at io.netty.channel.nio.AbstractNioMessageChannel.doWrite(AbstractNioMessageChannel.java:158)
	at io.netty.channel.AbstractChannel$AbstractUnsafe.flush0(AbstractChannel.java:931)
	at io.netty.channel.nio.AbstractNioChannel$AbstractNioUnsafe.flush0(AbstractNioChannel.java:355)
	at io.netty.channel.AbstractChannel$AbstractUnsafe.flush(AbstractChannel.java:895)
	at io.netty.channel.DefaultChannelPipeline$HeadContext.flush(DefaultChannelPipeline.java:1372)
	at io.netty.channel.AbstractChannelHandlerContext.invokeFlush0(AbstractChannelHandlerContext.java:935)
	at io.netty.channel.AbstractChannelHandlerContext.invokeFlush(AbstractChannelHandlerContext.java:921)
	at io.netty.channel.AbstractChannelHandlerContext.flush(AbstractChannelHandlerContext.java:907)
	at io.netty.channel.DefaultChannelPipeline.flush(DefaultChannelPipeline.java:967)
	at io.netty.channel.AbstractChannel.flush(AbstractChannel.java:254)
	at io.netty.resolver.dns.DnsNameResolver.flushQueries(DnsNameResolver.java:1324)
	at io.netty.resolver.dns.DnsResolveContext.internalResolve(DnsResolveContext.java:383)
	at io.netty.resolver.dns.DnsResolveContext.resolve(DnsResolveContext.java:233)
	at io.netty.resolver.dns.DnsNameResolver.resolveNow(DnsNameResolver.java:1222)
	at io.netty.resolver.dns.DnsNameResolver.doResolveAllUncached0(DnsNameResolver.java:1208)
	at io.netty.resolver.dns.DnsNameResolver.access$600(DnsNameResolver.java:95)
	at io.netty.resolver.dns.DnsNameResolver$8.run(DnsNameResolver.java:1156)
	at io.netty.util.concurrent.AbstractEventExecutor.runTask(AbstractEventExecutor.java:173)
	at io.netty.util.concurrent.AbstractEventExecutor.safeExecute(AbstractEventExecutor.java:166)
	at io.netty.util.concurrent.SingleThreadEventExecutor.runAllTasks(SingleThreadEventExecutor.java:470)
	at io.netty.channel.nio.NioEventLoop.run(NioEventLoop.java:569)
	at io.netty.util.concurrent.SingleThreadEventExecutor$4.run(SingleThreadEventExecutor.java:997)
	at io.netty.util.internal.ThreadExecutorMap$2.run(ThreadExecutorMap.java:74)
	at io.netty.util.concurrent.FastThreadLocalRunnable.run(FastThreadLocalRunnable.java:30)
	... 1 more
Caused by: io.netty.resolver.dns.DnsNameResolverException: [51256: /[2001:4860:4860:0:0:0:0:8844]:53] DefaultDnsQuestion(framework.console.axoniq.io. IN AAAA) failed to send a query '51256' via UDP (no stack trace available)
Caused by: java.net.SocketException: Network is unreachable: no further information
	at java.base/sun.nio.ch.DatagramChannelImpl.send0(Native Method)
	at java.base/sun.nio.ch.DatagramChannelImpl.sendFromNativeBuffer(DatagramChannelImpl.java:953)
	at java.base/sun.nio.ch.DatagramChannelImpl.send(DatagramChannelImpl.java:914)
	at java.base/sun.nio.ch.DatagramChannelImpl.send(DatagramChannelImpl.java:872)
	at io.netty.channel.socket.nio.NioDatagramChannel.doWriteMessage(NioDatagramChannel.java:297)
	at io.netty.channel.nio.AbstractNioMessageChannel.doWrite(AbstractNioMessageChannel.java:143)
	at io.netty.channel.AbstractChannel$AbstractUnsafe.flush0(AbstractChannel.java:931)
	at io.netty.channel.nio.AbstractNioChannel$AbstractNioUnsafe.flush0(AbstractNioChannel.java:355)
	at io.netty.channel.AbstractChannel$AbstractUnsafe.flush(AbstractChannel.java:895)
	at io.netty.channel.DefaultChannelPipeline$HeadContext.flush(DefaultChannelPipeline.java:1372)
	at io.netty.channel.AbstractChannelHandlerContext.invokeFlush0(AbstractChannelHandlerContext.java:935)
	at io.netty.channel.AbstractChannelHandlerContext.invokeFlush(AbstractChannelHandlerContext.java:921)
	at io.netty.channel.AbstractChannelHandlerContext.flush(AbstractChannelHandlerContext.java:907)
	at io.netty.channel.DefaultChannelPipeline.flush(DefaultChannelPipeline.java:967)
	at io.netty.channel.AbstractChannel.flush(AbstractChannel.java:254)
	at io.netty.resolver.dns.DnsNameResolver.flushQueries(DnsNameResolver.java:1324)
	at io.netty.resolver.dns.DnsResolveContext.internalResolve(DnsResolveContext.java:383)
	at io.netty.resolver.dns.DnsResolveContext.resolve(DnsResolveContext.java:233)
	at io.netty.resolver.dns.DnsNameResolver.resolveNow(DnsNameResolver.java:1222)
	at io.netty.resolver.dns.DnsNameResolver.doResolveAllUncached0(DnsNameResolver.java:1208)
	at io.netty.resolver.dns.DnsNameResolver.access$600(DnsNameResolver.java:95)
	at io.netty.resolver.dns.DnsNameResolver$8.run(DnsNameResolver.java:1156)
	at io.netty.util.concurrent.AbstractEventExecutor.runTask(AbstractEventExecutor.java:173)
	at io.netty.util.concurrent.AbstractEventExecutor.safeExecute(AbstractEventExecutor.java:166)
	at io.netty.util.concurrent.SingleThreadEventExecutor.runAllTasks(SingleThreadEventExecutor.java:470)
	at io.netty.channel.nio.NioEventLoop.run(NioEventLoop.java:569)
	at io.netty.util.concurrent.SingleThreadEventExecutor$4.run(SingleThreadEventExecutor.java:997)
	at io.netty.util.internal.ThreadExecutorMap$2.run(ThreadExecutorMap.java:74)
	at io.netty.util.concurrent.FastThreadLocalRunnable.run(FastThreadLocalRunnable.java:30)
	at java.base/java.lang.Thread.run(Thread.java:1583)

2024-03-29 15:17:20,239 31np00158 my-axon-project-dev.jar[32176] INFO  [io.axo.con.fra.cli.AxoniqConsoleRSocketClient] (pool-8-thread-1) Connecting to AxonIQ Console...
2024-03-29 15:17:20,249 31np00158 my-axon-project-dev.jar[32176] INFO  [io.axo.con.fra.cli.AxoniqConsoleRSocketClient] (pool-8-thread-1) Failed to connect to AxonIQ Console: reactor.core.Exceptions$ReactiveException: java.net.UnknownHostException: Failed to resolve 'framework.console.axoniq.io' [A(1), AAAA(28)] after 4 queries 
	at reactor.core.Exceptions.propagate(Exceptions.java:396)
	at reactor.core.publisher.BlockingSingleSubscriber.blockingGet(BlockingSingleSubscriber.java:97)
	at reactor.core.publisher.Mono.block(Mono.java:1707)
	at io.axoniq.console.framework.client.AxoniqConsoleRSocketClient.createRSocket(AxoniqConsoleRSocketClient.kt:172)
	at io.axoniq.console.framework.client.AxoniqConsoleRSocketClient.connectSafely(AxoniqConsoleRSocketClient.kt:138)
	at io.axoniq.console.framework.client.AxoniqConsoleRSocketClient.ensureConnected(AxoniqConsoleRSocketClient.kt:132)
	at java.base/java.util.concurrent.Executors$RunnableAdapter.call(Executors.java:572)
	at java.base/java.util.concurrent.FutureTask.runAndReset(FutureTask.java:358)
	at java.base/java.util.concurrent.ScheduledThreadPoolExecutor$ScheduledFutureTask.run(ScheduledThreadPoolExecutor.java:305)
	at java.base/java.util.concurrent.ThreadPoolExecutor.runWorker(ThreadPoolExecutor.java:1144)
	at java.base/java.util.concurrent.ThreadPoolExecutor$Worker.run(ThreadPoolExecutor.java:642)
	at java.base/java.lang.Thread.run(Thread.java:1583)
	Suppressed: java.lang.Exception: #block terminated with an error
		at reactor.core.publisher.BlockingSingleSubscriber.blockingGet(BlockingSingleSubscriber.java:99)
		... 10 more
Caused by: java.net.UnknownHostException: Failed to resolve 'framework.console.axoniq.io' [A(1), AAAA(28)] after 4 queries 
	at io.netty.resolver.dns.DnsResolveContext.finishResolve(DnsResolveContext.java:1120)
	at io.netty.resolver.dns.DnsResolveContext.tryToFinishResolve(DnsResolveContext.java:1067)
	at io.netty.resolver.dns.DnsResolveContext.query(DnsResolveContext.java:440)
	at io.netty.resolver.dns.DnsResolveContext.access$700(DnsResolveContext.java:68)
	at io.netty.resolver.dns.DnsResolveContext$2.operationComplete(DnsResolveContext.java:508)
	at io.netty.util.concurrent.DefaultPromise.notifyListener0(DefaultPromise.java:590)
	at io.netty.util.concurrent.DefaultPromise.notifyListeners0(DefaultPromise.java:583)
	at io.netty.util.concurrent.DefaultPromise.notifyListenersNow(DefaultPromise.java:559)
	at io.netty.util.concurrent.DefaultPromise.notifyListeners(DefaultPromise.java:492)
	at io.netty.util.concurrent.DefaultPromise.setValue0(DefaultPromise.java:636)
	at io.netty.util.concurrent.DefaultPromise.setFailure0(DefaultPromise.java:629)
	at io.netty.util.concurrent.DefaultPromise.tryFailure(DefaultPromise.java:118)
	at io.netty.resolver.dns.DnsQueryContext.finishFailure(DnsQueryContext.java:380)
	at io.netty.resolver.dns.DnsQueryContext.onQueryWriteCompletion(DnsQueryContext.java:301)
	at io.netty.resolver.dns.DnsQueryContext.access$800(DnsQueryContext.java:52)
	at io.netty.resolver.dns.DnsQueryContext$4.operationComplete(DnsQueryContext.java:292)
	at io.netty.resolver.dns.DnsQueryContext$4.operationComplete(DnsQueryContext.java:289)
	at io.netty.util.concurrent.DefaultPromise.notifyListener0(DefaultPromise.java:590)
	at io.netty.util.concurrent.DefaultPromise.notifyListenersNow(DefaultPromise.java:557)
	at io.netty.util.concurrent.DefaultPromise.notifyListeners(DefaultPromise.java:492)
	at io.netty.util.concurrent.DefaultPromise.setValue0(DefaultPromise.java:636)
	at io.netty.util.concurrent.DefaultPromise.setFailure0(DefaultPromise.java:629)
	at io.netty.util.concurrent.DefaultPromise.tryFailure(DefaultPromise.java:118)
	at io.netty.util.internal.PromiseNotificationUtil.tryFailure(PromiseNotificationUtil.java:64)
	at io.netty.channel.ChannelOutboundBuffer.safeFail(ChannelOutboundBuffer.java:744)
	at io.netty.channel.ChannelOutboundBuffer.remove0(ChannelOutboundBuffer.java:329)
	at io.netty.channel.ChannelOutboundBuffer.remove(ChannelOutboundBuffer.java:309)
	at io.netty.channel.nio.AbstractNioMessageChannel.doWrite(AbstractNioMessageChannel.java:158)
	at io.netty.channel.AbstractChannel$AbstractUnsafe.flush0(AbstractChannel.java:931)
	at io.netty.channel.nio.AbstractNioChannel$AbstractNioUnsafe.flush0(AbstractNioChannel.java:355)
	at io.netty.channel.AbstractChannel$AbstractUnsafe.flush(AbstractChannel.java:895)
	at io.netty.channel.DefaultChannelPipeline$HeadContext.flush(DefaultChannelPipeline.java:1372)
	at io.netty.channel.AbstractChannelHandlerContext.invokeFlush0(AbstractChannelHandlerContext.java:935)
	at io.netty.channel.AbstractChannelHandlerContext.invokeFlush(AbstractChannelHandlerContext.java:921)
	at io.netty.channel.AbstractChannelHandlerContext.flush(AbstractChannelHandlerContext.java:907)
	at io.netty.channel.DefaultChannelPipeline.flush(DefaultChannelPipeline.java:967)
	at io.netty.channel.AbstractChannel.flush(AbstractChannel.java:254)
	at io.netty.resolver.dns.DnsNameResolver.flushQueries(DnsNameResolver.java:1324)
	at io.netty.resolver.dns.DnsResolveContext.internalResolve(DnsResolveContext.java:383)
	at io.netty.resolver.dns.DnsResolveContext.resolve(DnsResolveContext.java:233)
	at io.netty.resolver.dns.DnsNameResolver.resolveNow(DnsNameResolver.java:1222)
	at io.netty.resolver.dns.DnsNameResolver.doResolveAllUncached0(DnsNameResolver.java:1208)
	at io.netty.resolver.dns.DnsNameResolver.access$600(DnsNameResolver.java:95)
	at io.netty.resolver.dns.DnsNameResolver$8.run(DnsNameResolver.java:1156)
	at io.netty.util.concurrent.AbstractEventExecutor.runTask(AbstractEventExecutor.java:173)
	at io.netty.util.concurrent.AbstractEventExecutor.safeExecute(AbstractEventExecutor.java:166)
	at io.netty.util.concurrent.SingleThreadEventExecutor.runAllTasks(SingleThreadEventExecutor.java:470)
	at io.netty.channel.nio.NioEventLoop.run(NioEventLoop.java:569)
	at io.netty.util.concurrent.SingleThreadEventExecutor$4.run(SingleThreadEventExecutor.java:997)
	at io.netty.util.internal.ThreadExecutorMap$2.run(ThreadExecutorMap.java:74)
	at io.netty.util.concurrent.FastThreadLocalRunnable.run(FastThreadLocalRunnable.java:30)
	... 1 more
Caused by: io.netty.resolver.dns.DnsNameResolverException: [35333: /[2001:4860:4860:0:0:0:0:8844]:53] DefaultDnsQuestion(framework.console.axoniq.io. IN AAAA) failed to send a query '35333' via UDP (no stack trace available)
Caused by: java.net.SocketException: Network is unreachable: no further information
	at java.base/sun.nio.ch.DatagramChannelImpl.send0(Native Method)
	at java.base/sun.nio.ch.DatagramChannelImpl.sendFromNativeBuffer(DatagramChannelImpl.java:953)
	at java.base/sun.nio.ch.DatagramChannelImpl.send(DatagramChannelImpl.java:914)
	at java.base/sun.nio.ch.DatagramChannelImpl.send(DatagramChannelImpl.java:872)
	at io.netty.channel.socket.nio.NioDatagramChannel.doWriteMessage(NioDatagramChannel.java:297)
	at io.netty.channel.nio.AbstractNioMessageChannel.doWrite(AbstractNioMessageChannel.java:143)
	at io.netty.channel.AbstractChannel$AbstractUnsafe.flush0(AbstractChannel.java:931)
	at io.netty.channel.nio.AbstractNioChannel$AbstractNioUnsafe.flush0(AbstractNioChannel.java:355)
	at io.netty.channel.AbstractChannel$AbstractUnsafe.flush(AbstractChannel.java:895)
	at io.netty.channel.DefaultChannelPipeline$HeadContext.flush(DefaultChannelPipeline.java:1372)
	at io.netty.channel.AbstractChannelHandlerContext.invokeFlush0(AbstractChannelHandlerContext.java:935)
	at io.netty.channel.AbstractChannelHandlerContext.invokeFlush(AbstractChannelHandlerContext.java:921)
	at io.netty.channel.AbstractChannelHandlerContext.flush(AbstractChannelHandlerContext.java:907)
	at io.netty.channel.DefaultChannelPipeline.flush(DefaultChannelPipeline.java:967)
	at io.netty.channel.AbstractChannel.flush(AbstractChannel.java:254)
	at io.netty.resolver.dns.DnsNameResolver.flushQueries(DnsNameResolver.java:1324)
	at io.netty.resolver.dns.DnsResolveContext.internalResolve(DnsResolveContext.java:383)
	at io.netty.resolver.dns.DnsResolveContext.resolve(DnsResolveContext.java:233)
	at io.netty.resolver.dns.DnsNameResolver.resolveNow(DnsNameResolver.java:1222)
	at io.netty.resolver.dns.DnsNameResolver.doResolveAllUncached0(DnsNameResolver.java:1208)
	at io.netty.resolver.dns.DnsNameResolver.access$600(DnsNameResolver.java:95)
	at io.netty.resolver.dns.DnsNameResolver$8.run(DnsNameResolver.java:1156)
	at io.netty.util.concurrent.AbstractEventExecutor.runTask(AbstractEventExecutor.java:173)
	at io.netty.util.concurrent.AbstractEventExecutor.safeExecute(AbstractEventExecutor.java:166)
	at io.netty.util.concurrent.SingleThreadEventExecutor.runAllTasks(SingleThreadEventExecutor.java:470)
	at io.netty.channel.nio.NioEventLoop.run(NioEventLoop.java:569)
	at io.netty.util.concurrent.SingleThreadEventExecutor$4.run(SingleThreadEventExecutor.java:997)
	at io.netty.util.internal.ThreadExecutorMap$2.run(ThreadExecutorMap.java:74)
	at io.netty.util.concurrent.FastThreadLocalRunnable.run(FastThreadLocalRunnable.java:30)
	at java.base/java.lang.Thread.run(Thread.java:1583)

2024-03-29 15:17:21,254 31np00158 my-axon-project-dev.jar[32176] INFO  [io.axo.con.fra.cli.AxoniqConsoleRSocketClient] (pool-8-thread-1) Connecting to AxonIQ Console...
2024-03-29 15:17:21,273 31np00158 my-axon-project-dev.jar[32176] INFO  [io.axo.con.fra.cli.AxoniqConsoleRSocketClient] (pool-8-thread-1) Failed to connect to AxonIQ Console: reactor.core.Exceptions$ReactiveException: java.net.UnknownHostException: Failed to resolve 'framework.console.axoniq.io' [A(1), AAAA(28)] after 4 queries 
	at reactor.core.Exceptions.propagate(Exceptions.java:396)
	at reactor.core.publisher.BlockingSingleSubscriber.blockingGet(BlockingSingleSubscriber.java:97)
	at reactor.core.publisher.Mono.block(Mono.java:1707)
	at io.axoniq.console.framework.client.AxoniqConsoleRSocketClient.createRSocket(AxoniqConsoleRSocketClient.kt:172)
	at io.axoniq.console.framework.client.AxoniqConsoleRSocketClient.connectSafely(AxoniqConsoleRSocketClient.kt:138)
	at io.axoniq.console.framework.client.AxoniqConsoleRSocketClient.ensureConnected(AxoniqConsoleRSocketClient.kt:132)
	at java.base/java.util.concurrent.Executors$RunnableAdapter.call(Executors.java:572)
	at java.base/java.util.concurrent.FutureTask.runAndReset(FutureTask.java:358)
	at java.base/java.util.concurrent.ScheduledThreadPoolExecutor$ScheduledFutureTask.run(ScheduledThreadPoolExecutor.java:305)
	at java.base/java.util.concurrent.ThreadPoolExecutor.runWorker(ThreadPoolExecutor.java:1144)
	at java.base/java.util.concurrent.ThreadPoolExecutor$Worker.run(ThreadPoolExecutor.java:642)
	at java.base/java.lang.Thread.run(Thread.java:1583)
	Suppressed: java.lang.Exception: #block terminated with an error
		at reactor.core.publisher.BlockingSingleSubscriber.blockingGet(BlockingSingleSubscriber.java:99)
		... 10 more
Caused by: java.net.UnknownHostException: Failed to resolve 'framework.console.axoniq.io' [A(1), AAAA(28)] after 4 queries 
	at io.netty.resolver.dns.DnsResolveContext.finishResolve(DnsResolveContext.java:1120)
	at io.netty.resolver.dns.DnsResolveContext.tryToFinishResolve(DnsResolveContext.java:1067)
	at io.netty.resolver.dns.DnsResolveContext.query(DnsResolveContext.java:440)
	at io.netty.resolver.dns.DnsResolveContext.access$700(DnsResolveContext.java:68)
	at io.netty.resolver.dns.DnsResolveContext$2.operationComplete(DnsResolveContext.java:508)
	at io.netty.util.concurrent.DefaultPromise.notifyListener0(DefaultPromise.java:590)
	at io.netty.util.concurrent.DefaultPromise.notifyListeners0(DefaultPromise.java:583)
	at io.netty.util.concurrent.DefaultPromise.notifyListenersNow(DefaultPromise.java:559)
	at io.netty.util.concurrent.DefaultPromise.notifyListeners(DefaultPromise.java:492)
	at io.netty.util.concurrent.DefaultPromise.setValue0(DefaultPromise.java:636)
	at io.netty.util.concurrent.DefaultPromise.setFailure0(DefaultPromise.java:629)
	at io.netty.util.concurrent.DefaultPromise.tryFailure(DefaultPromise.java:118)
	at io.netty.resolver.dns.DnsQueryContext.finishFailure(DnsQueryContext.java:380)
	at io.netty.resolver.dns.DnsQueryContext.onQueryWriteCompletion(DnsQueryContext.java:301)
	at io.netty.resolver.dns.DnsQueryContext.access$800(DnsQueryContext.java:52)
	at io.netty.resolver.dns.DnsQueryContext$4.operationComplete(DnsQueryContext.java:292)
	at io.netty.resolver.dns.DnsQueryContext$4.operationComplete(DnsQueryContext.java:289)
	at io.netty.util.concurrent.DefaultPromise.notifyListener0(DefaultPromise.java:590)
	at io.netty.util.concurrent.DefaultPromise.notifyListenersNow(DefaultPromise.java:557)
	at io.netty.util.concurrent.DefaultPromise.notifyListeners(DefaultPromise.java:492)
	at io.netty.util.concurrent.DefaultPromise.setValue0(DefaultPromise.java:636)
	at io.netty.util.concurrent.DefaultPromise.setFailure0(DefaultPromise.java:629)
	at io.netty.util.concurrent.DefaultPromise.tryFailure(DefaultPromise.java:118)
	at io.netty.util.internal.PromiseNotificationUtil.tryFailure(PromiseNotificationUtil.java:64)
	at io.netty.channel.ChannelOutboundBuffer.safeFail(ChannelOutboundBuffer.java:744)
	at io.netty.channel.ChannelOutboundBuffer.remove0(ChannelOutboundBuffer.java:329)
	at io.netty.channel.ChannelOutboundBuffer.remove(ChannelOutboundBuffer.java:309)
	at io.netty.channel.nio.AbstractNioMessageChannel.doWrite(AbstractNioMessageChannel.java:158)
	at io.netty.channel.AbstractChannel$AbstractUnsafe.flush0(AbstractChannel.java:931)
	at io.netty.channel.nio.AbstractNioChannel$AbstractNioUnsafe.flush0(AbstractNioChannel.java:355)
	at io.netty.channel.AbstractChannel$AbstractUnsafe.flush(AbstractChannel.java:895)
	at io.netty.channel.DefaultChannelPipeline$HeadContext.flush(DefaultChannelPipeline.java:1372)
	at io.netty.channel.AbstractChannelHandlerContext.invokeFlush0(AbstractChannelHandlerContext.java:935)
	at io.netty.channel.AbstractChannelHandlerContext.invokeFlush(AbstractChannelHandlerContext.java:921)
	at io.netty.channel.AbstractChannelHandlerContext.flush(AbstractChannelHandlerContext.java:907)
	at io.netty.channel.DefaultChannelPipeline.flush(DefaultChannelPipeline.java:967)
	at io.netty.channel.AbstractChannel.flush(AbstractChannel.java:254)
	at io.netty.resolver.dns.DnsNameResolver.flushQueries(DnsNameResolver.java:1324)
	at io.netty.resolver.dns.DnsResolveContext.internalResolve(DnsResolveContext.java:383)
	at io.netty.resolver.dns.DnsResolveContext.resolve(DnsResolveContext.java:233)
	at io.netty.resolver.dns.DnsNameResolver.resolveNow(DnsNameResolver.java:1222)
	at io.netty.resolver.dns.DnsNameResolver.doResolveAllUncached0(DnsNameResolver.java:1208)
	at io.netty.resolver.dns.DnsNameResolver.access$600(DnsNameResolver.java:95)
	at io.netty.resolver.dns.DnsNameResolver$8.run(DnsNameResolver.java:1156)
	at io.netty.util.concurrent.AbstractEventExecutor.runTask(AbstractEventExecutor.java:173)
	at io.netty.util.concurrent.AbstractEventExecutor.safeExecute(AbstractEventExecutor.java:166)
	at io.netty.util.concurrent.SingleThreadEventExecutor.runAllTasks(SingleThreadEventExecutor.java:470)
	at io.netty.channel.nio.NioEventLoop.run(NioEventLoop.java:569)
	at io.netty.util.concurrent.SingleThreadEventExecutor$4.run(SingleThreadEventExecutor.java:997)
	at io.netty.util.internal.ThreadExecutorMap$2.run(ThreadExecutorMap.java:74)
	at io.netty.util.concurrent.FastThreadLocalRunnable.run(FastThreadLocalRunnable.java:30)
	... 1 more
Caused by: io.netty.resolver.dns.DnsNameResolverException: [35769: /[2001:4860:4860:0:0:0:0:8844]:53] DefaultDnsQuestion(framework.console.axoniq.io. IN AAAA) failed to send a query '35769' via UDP (no stack trace available)
Caused by: java.net.SocketException: Network is unreachable: no further information
	at java.base/sun.nio.ch.DatagramChannelImpl.send0(Native Method)
	at java.base/sun.nio.ch.DatagramChannelImpl.sendFromNativeBuffer(DatagramChannelImpl.java:953)
	at java.base/sun.nio.ch.DatagramChannelImpl.send(DatagramChannelImpl.java:914)
	at java.base/sun.nio.ch.DatagramChannelImpl.send(DatagramChannelImpl.java:872)
	at io.netty.channel.socket.nio.NioDatagramChannel.doWriteMessage(NioDatagramChannel.java:297)
	at io.netty.channel.nio.AbstractNioMessageChannel.doWrite(AbstractNioMessageChannel.java:143)
	at io.netty.channel.AbstractChannel$AbstractUnsafe.flush0(AbstractChannel.java:931)
	at io.netty.channel.nio.AbstractNioChannel$AbstractNioUnsafe.flush0(AbstractNioChannel.java:355)
	at io.netty.channel.AbstractChannel$AbstractUnsafe.flush(AbstractChannel.java:895)
	at io.netty.channel.DefaultChannelPipeline$HeadContext.flush(DefaultChannelPipeline.java:1372)
	at io.netty.channel.AbstractChannelHandlerContext.invokeFlush0(AbstractChannelHandlerContext.java:935)
	at io.netty.channel.AbstractChannelHandlerContext.invokeFlush(AbstractChannelHandlerContext.java:921)
	at io.netty.channel.AbstractChannelHandlerContext.flush(AbstractChannelHandlerContext.java:907)
	at io.netty.channel.DefaultChannelPipeline.flush(DefaultChannelPipeline.java:967)
	at io.netty.channel.AbstractChannel.flush(AbstractChannel.java:254)
	at io.netty.resolver.dns.DnsNameResolver.flushQueries(DnsNameResolver.java:1324)
	at io.netty.resolver.dns.DnsResolveContext.internalResolve(DnsResolveContext.java:383)
	at io.netty.resolver.dns.DnsResolveContext.resolve(DnsResolveContext.java:233)
	at io.netty.resolver.dns.DnsNameResolver.resolveNow(DnsNameResolver.java:1222)
	at io.netty.resolver.dns.DnsNameResolver.doResolveAllUncached0(DnsNameResolver.java:1208)
	at io.netty.resolver.dns.DnsNameResolver.access$600(DnsNameResolver.java:95)
	at io.netty.resolver.dns.DnsNameResolver$8.run(DnsNameResolver.java:1156)
	at io.netty.util.concurrent.AbstractEventExecutor.runTask(AbstractEventExecutor.java:173)
	at io.netty.util.concurrent.AbstractEventExecutor.safeExecute(AbstractEventExecutor.java:166)
	at io.netty.util.concurrent.SingleThreadEventExecutor.runAllTasks(SingleThreadEventExecutor.java:470)
	at io.netty.channel.nio.NioEventLoop.run(NioEventLoop.java:569)
	at io.netty.util.concurrent.SingleThreadEventExecutor$4.run(SingleThreadEventExecutor.java:997)
	at io.netty.util.internal.ThreadExecutorMap$2.run(ThreadExecutorMap.java:74)
	at io.netty.util.concurrent.FastThreadLocalRunnable.run(FastThreadLocalRunnable.java:30)
	at java.base/java.lang.Thread.run(Thread.java:1583)

